Arguments: 
  C:\Program Files\nodejs\node.exe C:\Users\hp\AppData\Roaming\npm\node_modules\yarn\bin\yarn.js install

PATH: 
  C:\Program Files (x86)\Intel\Intel(R) Management Engine Components\iCLS\;C:\Program Files\Intel\Intel(R) Management Engine Components\iCLS\;C:\Windows\system32;C:\Windows;C:\Windows\System32\Wbem;C:\Windows\System32\WindowsPowerShell\v1.0\;C:\Program Files (x86)\NVIDIA Corporation\PhysX\Common;C:\Program Files (x86)\Intel\Intel(R) Management Engine Components\DAL;C:\Program Files\Intel\Intel(R) Management Engine Components\DAL;C:\Program Files (x86)\Intel\Intel(R) Management Engine Components\IPT;C:\Program Files\Intel\Intel(R) Management Engine Components\IPT;C:\sqlite;C:\Program Files\Java\jdk-10.0.1\bin;C:\Users\hp\Downloads\aircrack-ng-1.5.2-win\bin\64bit;C:\WINDOWS\system32;C:\WINDOWS;C:\WINDOWS\System32\Wbem;C:\WINDOWS\System32\WindowsPowerShell\v1.0\;C:\WINDOWS\System32\OpenSSH\;C:\Program Files\Git\cmd;C:\Program Files\nodejs;C:\Program Files\nodejs\;C:\Users\hp\AppData\Local\Programs\Python\Python38-32\Scripts\;C:\Users\hp\AppData\Local\Programs\Python\Python38-32\;C:\Users\hp\AppData\Local\Microsoft\WindowsApps;C:\Program Files\Java\jdk-10.0.1\bin;C:\Program Files\MongoDB\Server\4.4\bin;C:\Program Files\nodejs;C:\php;C:\Users\hp\AppData\Local\Programs\Microsoft VS Code\bin;C:\Program Files\heroku\bin;C:\Users\hp\AppData\Local\Android\Sdk\platform-tools;C:\Users\hp\AppData\Roaming\npm

Yarn version: 
  1.22.17

Node version: 
  16.14.0

Platform: 
  win32 x64

Trace: 
  Error: self signed certificate in certificate chain
      at TLSSocket.onConnectSecure (node:_tls_wrap:1530:34)
      at TLSSocket.emit (node:events:520:28)
      at TLSSocket._finishInit (node:_tls_wrap:944:8)
      at TLSWrap.ssl.onhandshakedone (node:_tls_wrap:725:12)

npm manifest: 
  {
    "name": "projecteth",
    "version": "1.0.0",
    "main": "server.js",
    "dependencies": {
      "@zeit/next-css": "^1.0.1",
      "body-parser": "^1.18.3",
      "chart.js": "^2.8.0",
      "chartjs": "^0.3.24",
      "chartjs-plugin-annotation": "^0.5.7",
      "dotenv": "^8.2.0",
      "express": "^4.16.4",
      "fs-extra": "^7.0.1",
      "ganache-cli": "^6.4.1",
      "ipfs-api": "^26.1.2",
      "js-cookie": "^2.2.0",
      "mongoose": "^5.5.1",
      "next": "^8.0.3",
      "next-routes": "^1.4.2",
      "nodemailer": "^6.1.0",
      "path": "^0.12.7",
      "react": "^16.8.5",
      "react-chartjs-2": "^2.7.6",
      "react-dom": "^16.8.5",
      "react-helmet": "^5.2.0",
      "semantic-ui-css": "^2.4.1",
      "semantic-ui-react": "^0.86.0",
      "solc": "^0.4.25",
      "truffle-hdwallet-provider": "^1.0.5",
      "web3": "^1.0.0-beta.52"
    },
    "devDependencies": {
      "mocha": "^6.1.4"
    },
    "scripts": {
      "test": "mocha",
      "start": "node server.js"
    },
    "keywords": [],
    "author": "",
    "license": "ISC",
    "description": "A blockchain-based E-voting system, created for the final year project of my college, with the help of my Project partners, Sayyam Gada and Charmee Mehta.",
    "repository": {
      "type": "git",
      "url": "git+https://github.com/mehtaAnsh/BlockChainVoting-Private.git"
    },
    "bugs": {
      "url": "https://github.com/mehtaAnsh/BlockChainVoting-Private/issues"
    },
    "homepage": "https://github.com/mehtaAnsh/BlockChainVoting-Private#readme"
  }

yarn manifest: 
  No manifest

Lockfile: 
  No lockfile
